2023-08-11 11:40:02 INFO Watching for file changes with StatReloader
2023-08-11 11:40:02 INFO Watching for file changes with StatReloader
2023-08-11 11:40:11 ERROR "PUT /update_developers_second_db/1/ HTTP/1.1" 500 82664
2023-08-11 11:40:11 ERROR "PUT /update_developers_second_db/1/ HTTP/1.1" 500 82664
2023-08-11 11:40:32 INFO /home/aakash/PROJECTS/LOGIN_AUTHENTICATION/Authentication_System/Authentication_System/settings.py changed, reloading.
2023-08-11 11:40:32 INFO /home/aakash/PROJECTS/LOGIN_AUTHENTICATION/Authentication_System/Authentication_System/settings.py changed, reloading.
2023-08-11 11:40:33 INFO Watching for file changes with StatReloader
2023-08-11 11:40:33 INFO Watching for file changes with StatReloader
2023-08-11 11:40:34 INFO /home/aakash/PROJECTS/LOGIN_AUTHENTICATION/Authentication_System/Authentication_System/settings.py changed, reloading.
2023-08-11 11:40:34 INFO /home/aakash/PROJECTS/LOGIN_AUTHENTICATION/Authentication_System/Authentication_System/settings.py changed, reloading.
2023-08-11 11:40:34 INFO Watching for file changes with StatReloader
2023-08-11 11:40:34 INFO Watching for file changes with StatReloader
2023-08-11 11:40:38 ERROR "PUT /update_developers_second_db/1/ HTTP/1.1" 500 82667
2023-08-11 11:40:38 ERROR "PUT /update_developers_second_db/1/ HTTP/1.1" 500 82667
2023-08-11 11:45:33 INFO /home/aakash/PROJECTS/LOGIN_AUTHENTICATION/Authentication_System/Authentication_System/settings.py changed, reloading.
2023-08-11 11:45:33 INFO /home/aakash/PROJECTS/LOGIN_AUTHENTICATION/Authentication_System/Authentication_System/settings.py changed, reloading.
2023-08-11 11:45:33 INFO Watching for file changes with StatReloader
2023-08-11 11:45:33 INFO Watching for file changes with StatReloader
2023-08-11 11:45:56 ERROR "PUT /update_developers_second_db/1/ HTTP/1.1" 500 82667
2023-08-11 11:45:56 ERROR "PUT /update_developers_second_db/1/ HTTP/1.1" 500 82667
2023-08-11 11:47:16 INFO /home/aakash/PROJECTS/LOGIN_AUTHENTICATION/Authentication_System/Authentication_System/settings.py changed, reloading.
2023-08-11 11:47:16 INFO /home/aakash/PROJECTS/LOGIN_AUTHENTICATION/Authentication_System/Authentication_System/settings.py changed, reloading.
2023-08-11 11:47:17 INFO Watching for file changes with StatReloader
2023-08-11 11:47:17 INFO Watching for file changes with StatReloader
2023-08-11 11:47:23 INFO /home/aakash/PROJECTS/LOGIN_AUTHENTICATION/Authentication_System/Authentication_System/settings.py changed, reloading.
2023-08-11 11:47:23 INFO /home/aakash/PROJECTS/LOGIN_AUTHENTICATION/Authentication_System/Authentication_System/settings.py changed, reloading.
2023-08-11 11:47:24 INFO Watching for file changes with StatReloader
2023-08-11 11:47:24 INFO Watching for file changes with StatReloader
2023-08-11 11:47:36 ERROR "PUT /update_developers_second_db/1/ HTTP/1.1" 500 82601
2023-08-11 11:47:36 ERROR "PUT /update_developers_second_db/1/ HTTP/1.1" 500 82601
2023-08-11 11:48:15 INFO /home/aakash/PROJECTS/LOGIN_AUTHENTICATION/Authentication_System/Authentication_System/settings.py changed, reloading.
2023-08-11 11:48:15 INFO /home/aakash/PROJECTS/LOGIN_AUTHENTICATION/Authentication_System/Authentication_System/settings.py changed, reloading.
2023-08-11 11:48:15 INFO Watching for file changes with StatReloader
2023-08-11 11:48:15 INFO Watching for file changes with StatReloader
2023-08-11 12:22:14 INFO DEVELOPER WITH UPDATED SUCCESSFULLY
2023-08-11 12:22:14 INFO "PUT /update_developers_second_db/1/ HTTP/1.1" 200 145
2023-08-11 12:22:14 INFO "PUT /update_developers_second_db/1/ HTTP/1.1" 200 145
2023-08-11 12:37:48 INFO DEVELOPER WITH UPDATED SUCCESSFULLY
2023-08-11 12:37:48 INFO "PUT /update_developers_second_db/1/ HTTP/1.1" 200 145
2023-08-11 12:37:48 INFO "PUT /update_developers_second_db/1/ HTTP/1.1" 200 145
2023-08-11 12:38:21 INFO "GET /MANY_TO_MANY_ORM/ HTTP/1.1" 200 1100
2023-08-11 12:38:21 INFO "GET /MANY_TO_MANY_ORM/ HTTP/1.1" 200 1100
2023-08-11 12:50:25 INFO /home/aakash/PROJECTS/LOGIN_AUTHENTICATION/Authentication_System/myapp/views.py changed, reloading.
2023-08-11 12:50:25 INFO /home/aakash/PROJECTS/LOGIN_AUTHENTICATION/Authentication_System/myapp/views.py changed, reloading.
2023-08-11 12:50:26 INFO Watching for file changes with StatReloader
2023-08-11 12:50:26 INFO Watching for file changes with StatReloader
2023-08-11 13:07:36 INFO /home/aakash/PROJECTS/LOGIN_AUTHENTICATION/Authentication_System/myapp/views.py changed, reloading.
2023-08-11 13:07:36 INFO /home/aakash/PROJECTS/LOGIN_AUTHENTICATION/Authentication_System/myapp/views.py changed, reloading.
2023-08-11 13:07:37 INFO Watching for file changes with StatReloader
2023-08-11 13:07:37 INFO Watching for file changes with StatReloader
2023-08-11 13:10:24 INFO Watching for file changes with StatReloader
2023-08-11 13:10:24 INFO Watching for file changes with StatReloader
2023-08-14 05:27:16 INFO Watching for file changes with StatReloader
2023-08-14 05:27:16 INFO Watching for file changes with StatReloader
2023-08-14 05:47:20 INFO /home/aakash/PROJECTS/LOGIN_AUTHENTICATION/Authentication_System/myapp/models.py changed, reloading.
2023-08-14 05:47:20 INFO /home/aakash/PROJECTS/LOGIN_AUTHENTICATION/Authentication_System/myapp/models.py changed, reloading.
2023-08-14 05:47:20 INFO Watching for file changes with StatReloader
2023-08-14 05:47:20 INFO Watching for file changes with StatReloader
2023-08-14 05:48:07 INFO /home/aakash/PROJECTS/LOGIN_AUTHENTICATION/Authentication_System/myapp/admin.py changed, reloading.
2023-08-14 05:48:07 INFO /home/aakash/PROJECTS/LOGIN_AUTHENTICATION/Authentication_System/myapp/admin.py changed, reloading.
2023-08-14 05:48:07 INFO Watching for file changes with StatReloader
2023-08-14 05:48:07 INFO Watching for file changes with StatReloader
2023-08-14 05:54:12 INFO Watching for file changes with StatReloader
2023-08-14 05:54:12 INFO Watching for file changes with StatReloader
2023-08-14 05:57:37 INFO Watching for file changes with StatReloader
2023-08-14 05:57:37 INFO Watching for file changes with StatReloader
2023-08-14 05:58:00 INFO "GET /admin/ HTTP/1.1" 200 14406
2023-08-14 05:58:00 INFO "GET /admin/ HTTP/1.1" 200 14406
2023-08-14 05:58:01 WARNING "GET /favicon.ico HTTP/1.1" 404 8572
2023-08-14 05:58:01 WARNING "GET /favicon.ico HTTP/1.1" 404 8572
2023-08-14 05:58:05 INFO "GET /admin/myapp/horse/ HTTP/1.1" 200 11096
2023-08-14 05:58:05 INFO "GET /admin/myapp/horse/ HTTP/1.1" 200 11096
2023-08-14 05:58:05 INFO "GET /admin/jsi18n/ HTTP/1.1" 200 3343
2023-08-14 05:58:05 INFO "GET /admin/jsi18n/ HTTP/1.1" 200 3343
2023-08-14 05:58:07 INFO "GET /admin/myapp/horse/add/ HTTP/1.1" 200 14309
2023-08-14 05:58:07 INFO "GET /admin/myapp/horse/add/ HTTP/1.1" 200 14309
2023-08-14 05:58:07 INFO "GET /admin/jsi18n/ HTTP/1.1" 200 3343
2023-08-14 05:58:07 INFO "GET /admin/jsi18n/ HTTP/1.1" 200 3343
2023-08-14 05:58:42 INFO "POST /admin/myapp/horse/add/ HTTP/1.1" 302 0
2023-08-14 05:58:42 INFO "POST /admin/myapp/horse/add/ HTTP/1.1" 302 0
2023-08-14 05:58:42 INFO "GET /admin/myapp/horse/ HTTP/1.1" 200 12453
2023-08-14 05:58:42 INFO "GET /admin/myapp/horse/ HTTP/1.1" 200 12453
2023-08-14 05:58:42 INFO "GET /admin/jsi18n/ HTTP/1.1" 200 3343
2023-08-14 05:58:42 INFO "GET /admin/jsi18n/ HTTP/1.1" 200 3343
2023-08-14 05:58:44 INFO "GET /admin/myapp/horse/1/change/ HTTP/1.1" 200 14573
2023-08-14 05:58:44 INFO "GET /admin/myapp/horse/1/change/ HTTP/1.1" 200 14573
2023-08-14 05:58:44 INFO "GET /admin/jsi18n/ HTTP/1.1" 200 3343
2023-08-14 05:58:44 INFO "GET /admin/jsi18n/ HTTP/1.1" 200 3343
2023-08-14 05:59:00 INFO "GET /admin/myapp/horse/ HTTP/1.1" 200 12248
2023-08-14 05:59:00 INFO "GET /admin/myapp/horse/ HTTP/1.1" 200 12248
2023-08-14 05:59:00 INFO "GET /admin/jsi18n/ HTTP/1.1" 200 3343
2023-08-14 05:59:00 INFO "GET /admin/jsi18n/ HTTP/1.1" 200 3343
2023-08-14 05:59:03 INFO "GET /admin/myapp/horse/1/change/ HTTP/1.1" 200 14573
2023-08-14 05:59:03 INFO "GET /admin/myapp/horse/1/change/ HTTP/1.1" 200 14573
2023-08-14 05:59:03 INFO "GET /admin/jsi18n/ HTTP/1.1" 200 3343
2023-08-14 05:59:03 INFO "GET /admin/jsi18n/ HTTP/1.1" 200 3343
2023-08-14 06:01:10 INFO /home/aakash/PROJECTS/LOGIN_AUTHENTICATION/Authentication_System/myapp/admin.py changed, reloading.
2023-08-14 06:01:10 INFO /home/aakash/PROJECTS/LOGIN_AUTHENTICATION/Authentication_System/myapp/admin.py changed, reloading.
2023-08-14 06:01:11 INFO Watching for file changes with StatReloader
2023-08-14 06:01:11 INFO Watching for file changes with StatReloader
2023-08-14 06:01:14 INFO "GET /admin/myapp/horse/ HTTP/1.1" 200 13049
2023-08-14 06:01:14 INFO "GET /admin/myapp/horse/ HTTP/1.1" 200 13049
2023-08-14 06:01:19 INFO "GET /admin/myapp/horse/ HTTP/1.1" 200 13049
2023-08-14 06:01:19 INFO "GET /admin/myapp/horse/ HTTP/1.1" 200 13049
2023-08-14 06:01:19 INFO "GET /static/admin/img/icon-no.svg HTTP/1.1" 304 0
2023-08-14 06:01:19 INFO "GET /static/admin/img/icon-no.svg HTTP/1.1" 304 0
2023-08-14 06:01:19 INFO "GET /admin/jsi18n/ HTTP/1.1" 200 3343
2023-08-14 06:01:19 INFO "GET /admin/jsi18n/ HTTP/1.1" 200 3343
2023-08-14 06:28:07 INFO /home/aakash/PROJECTS/LOGIN_AUTHENTICATION/Authentication_System/myapp/serializers.py changed, reloading.
2023-08-14 06:28:07 INFO /home/aakash/PROJECTS/LOGIN_AUTHENTICATION/Authentication_System/myapp/serializers.py changed, reloading.
2023-08-14 06:28:07 INFO Watching for file changes with StatReloader
2023-08-14 06:28:07 INFO Watching for file changes with StatReloader
2023-08-14 06:30:32 INFO /home/aakash/PROJECTS/LOGIN_AUTHENTICATION/Authentication_System/myapp/views.py changed, reloading.
2023-08-14 06:30:32 INFO /home/aakash/PROJECTS/LOGIN_AUTHENTICATION/Authentication_System/myapp/views.py changed, reloading.
2023-08-14 06:30:32 INFO Watching for file changes with StatReloader
2023-08-14 06:30:32 INFO Watching for file changes with StatReloader
2023-08-14 06:34:34 INFO /home/aakash/PROJECTS/LOGIN_AUTHENTICATION/Authentication_System/myapp/views.py changed, reloading.
2023-08-14 06:34:34 INFO /home/aakash/PROJECTS/LOGIN_AUTHENTICATION/Authentication_System/myapp/views.py changed, reloading.
2023-08-14 06:34:35 INFO Watching for file changes with StatReloader
2023-08-14 06:34:35 INFO Watching for file changes with StatReloader
2023-08-14 06:35:57 INFO /home/aakash/PROJECTS/LOGIN_AUTHENTICATION/Authentication_System/myapp/urls.py changed, reloading.
2023-08-14 06:35:57 INFO /home/aakash/PROJECTS/LOGIN_AUTHENTICATION/Authentication_System/myapp/urls.py changed, reloading.
2023-08-14 06:35:57 INFO Watching for file changes with StatReloader
2023-08-14 06:35:57 INFO Watching for file changes with StatReloader
2023-08-14 06:36:19 WARNING "GET /Create_Horse/ HTTP/1.1" 405 40
2023-08-14 06:36:19 WARNING "GET /Create_Horse/ HTTP/1.1" 405 40
2023-08-14 06:39:59 ERROR "POST /Create_Horse/ HTTP/1.1" 500 96576
2023-08-14 06:39:59 ERROR "POST /Create_Horse/ HTTP/1.1" 500 96576
2023-08-14 06:40:56 INFO /home/aakash/PROJECTS/LOGIN_AUTHENTICATION/Authentication_System/myapp/views.py changed, reloading.
2023-08-14 06:40:56 INFO /home/aakash/PROJECTS/LOGIN_AUTHENTICATION/Authentication_System/myapp/views.py changed, reloading.
2023-08-14 06:40:57 INFO Watching for file changes with StatReloader
2023-08-14 06:40:57 INFO Watching for file changes with StatReloader
2023-08-14 06:40:59 INFO Horse created successfully 
2023-08-14 06:40:59 INFO "POST /Create_Horse/ HTTP/1.1" 201 158
2023-08-14 06:40:59 INFO "POST /Create_Horse/ HTTP/1.1" 201 158
2023-08-14 06:41:15 INFO "GET /admin/myapp/horse/ HTTP/1.1" 200 13478
2023-08-14 06:41:15 INFO "GET /admin/myapp/horse/ HTTP/1.1" 200 13478
2023-08-14 06:41:15 INFO "GET /admin/jsi18n/ HTTP/1.1" 200 3343
2023-08-14 06:41:15 INFO "GET /admin/jsi18n/ HTTP/1.1" 200 3343
2023-08-14 06:41:19 INFO "GET /admin/myapp/horse/2/change/ HTTP/1.1" 200 14844
2023-08-14 06:41:19 INFO "GET /admin/myapp/horse/2/change/ HTTP/1.1" 200 14844
2023-08-14 06:41:19 INFO "GET /admin/jsi18n/ HTTP/1.1" 200 3343
2023-08-14 06:41:19 INFO "GET /admin/jsi18n/ HTTP/1.1" 200 3343
2023-08-14 06:46:02 INFO /home/aakash/PROJECTS/LOGIN_AUTHENTICATION/Authentication_System/myapp/serializers.py changed, reloading.
2023-08-14 06:46:02 INFO /home/aakash/PROJECTS/LOGIN_AUTHENTICATION/Authentication_System/myapp/serializers.py changed, reloading.
2023-08-14 06:46:03 INFO Watching for file changes with StatReloader
2023-08-14 06:46:03 INFO Watching for file changes with StatReloader
2023-08-14 06:46:07 INFO /home/aakash/PROJECTS/LOGIN_AUTHENTICATION/Authentication_System/myapp/views.py changed, reloading.
2023-08-14 06:46:07 INFO /home/aakash/PROJECTS/LOGIN_AUTHENTICATION/Authentication_System/myapp/views.py changed, reloading.
2023-08-14 06:46:08 INFO Watching for file changes with StatReloader
2023-08-14 06:46:08 INFO Watching for file changes with StatReloader
2023-08-14 06:46:54 INFO /home/aakash/PROJECTS/LOGIN_AUTHENTICATION/Authentication_System/myapp/urls.py changed, reloading.
2023-08-14 06:46:54 INFO /home/aakash/PROJECTS/LOGIN_AUTHENTICATION/Authentication_System/myapp/urls.py changed, reloading.
2023-08-14 06:46:54 INFO Watching for file changes with StatReloader
2023-08-14 06:46:54 INFO Watching for file changes with StatReloader
2023-08-14 06:47:43 INFO Watching for file changes with StatReloader
2023-08-14 06:47:43 INFO Watching for file changes with StatReloader
2023-08-14 06:48:08 INFO /home/aakash/PROJECTS/LOGIN_AUTHENTICATION/Authentication_System/myapp/views.py changed, reloading.
2023-08-14 06:48:08 INFO /home/aakash/PROJECTS/LOGIN_AUTHENTICATION/Authentication_System/myapp/views.py changed, reloading.
2023-08-14 06:48:08 INFO Watching for file changes with StatReloader
2023-08-14 06:48:08 INFO Watching for file changes with StatReloader
2023-08-14 06:48:14 INFO FETCHED ALL THE HORSES 
2023-08-14 06:48:14 INFO "GET /get_all_horses/ HTTP/1.1" 200 329
2023-08-14 06:48:14 INFO "GET /get_all_horses/ HTTP/1.1" 200 329
2023-08-14 06:48:39 WARNING "GET /white_horse.jpeg HTTP/1.1" 404 8953
2023-08-14 06:48:39 WARNING "GET /white_horse.jpeg HTTP/1.1" 404 8953
2023-08-14 06:49:15 WARNING "GET /white_horse.jpeg HTTP/1.1" 404 8953
2023-08-14 06:49:15 WARNING "GET /white_horse.jpeg HTTP/1.1" 404 8953
2023-08-14 06:52:48 INFO /home/aakash/PROJECTS/LOGIN_AUTHENTICATION/Authentication_System/myapp/serializers.py changed, reloading.
2023-08-14 06:52:48 INFO /home/aakash/PROJECTS/LOGIN_AUTHENTICATION/Authentication_System/myapp/serializers.py changed, reloading.
2023-08-14 06:52:49 INFO Watching for file changes with StatReloader
2023-08-14 06:52:49 INFO Watching for file changes with StatReloader
2023-08-14 06:55:32 INFO /home/aakash/PROJECTS/LOGIN_AUTHENTICATION/Authentication_System/myapp/views.py changed, reloading.
2023-08-14 06:55:32 INFO /home/aakash/PROJECTS/LOGIN_AUTHENTICATION/Authentication_System/myapp/views.py changed, reloading.
2023-08-14 06:55:33 INFO Watching for file changes with StatReloader
2023-08-14 06:55:33 INFO Watching for file changes with StatReloader
2023-08-14 06:57:52 INFO /home/aakash/PROJECTS/LOGIN_AUTHENTICATION/Authentication_System/myapp/urls.py changed, reloading.
2023-08-14 06:57:52 INFO /home/aakash/PROJECTS/LOGIN_AUTHENTICATION/Authentication_System/myapp/urls.py changed, reloading.
2023-08-14 06:57:52 INFO Watching for file changes with StatReloader
2023-08-14 06:57:52 INFO Watching for file changes with StatReloader
2023-08-14 06:58:16 INFO /home/aakash/PROJECTS/LOGIN_AUTHENTICATION/Authentication_System/myapp/serializers.py changed, reloading.
2023-08-14 06:58:16 INFO /home/aakash/PROJECTS/LOGIN_AUTHENTICATION/Authentication_System/myapp/serializers.py changed, reloading.
2023-08-14 06:58:16 INFO Watching for file changes with StatReloader
2023-08-14 06:58:16 INFO Watching for file changes with StatReloader
2023-08-14 06:58:56 INFO /home/aakash/PROJECTS/LOGIN_AUTHENTICATION/Authentication_System/myapp/serializers.py changed, reloading.
2023-08-14 06:58:56 INFO /home/aakash/PROJECTS/LOGIN_AUTHENTICATION/Authentication_System/myapp/serializers.py changed, reloading.
2023-08-14 06:58:57 INFO Watching for file changes with StatReloader
2023-08-14 06:58:57 INFO Watching for file changes with StatReloader
2023-08-14 06:58:59 INFO FETCHED ALL THE HORSES 
2023-08-14 06:58:59 INFO "GET /get_all_horses/ HTTP/1.1" 200 343
2023-08-14 06:58:59 INFO "GET /get_all_horses/ HTTP/1.1" 200 343
2023-08-14 07:03:13 INFO /home/aakash/PROJECTS/LOGIN_AUTHENTICATION/Authentication_System/myapp/serializers.py changed, reloading.
2023-08-14 07:03:13 INFO /home/aakash/PROJECTS/LOGIN_AUTHENTICATION/Authentication_System/myapp/serializers.py changed, reloading.
2023-08-14 07:03:13 INFO Watching for file changes with StatReloader
2023-08-14 07:03:13 INFO Watching for file changes with StatReloader
2023-08-14 07:03:34 INFO /home/aakash/PROJECTS/LOGIN_AUTHENTICATION/Authentication_System/myapp/views.py changed, reloading.
2023-08-14 07:03:34 INFO /home/aakash/PROJECTS/LOGIN_AUTHENTICATION/Authentication_System/myapp/views.py changed, reloading.
2023-08-14 07:03:34 INFO Watching for file changes with StatReloader
2023-08-14 07:03:34 INFO Watching for file changes with StatReloader
2023-08-14 07:03:37 INFO /home/aakash/PROJECTS/LOGIN_AUTHENTICATION/Authentication_System/myapp/views.py changed, reloading.
2023-08-14 07:03:37 INFO /home/aakash/PROJECTS/LOGIN_AUTHENTICATION/Authentication_System/myapp/views.py changed, reloading.
2023-08-14 07:03:37 INFO Watching for file changes with StatReloader
2023-08-14 07:03:37 INFO Watching for file changes with StatReloader
2023-08-14 07:04:22 INFO /home/aakash/PROJECTS/LOGIN_AUTHENTICATION/Authentication_System/myapp/urls.py changed, reloading.
2023-08-14 07:04:22 INFO /home/aakash/PROJECTS/LOGIN_AUTHENTICATION/Authentication_System/myapp/urls.py changed, reloading.
2023-08-14 07:04:23 INFO Watching for file changes with StatReloader
2023-08-14 07:04:23 INFO Watching for file changes with StatReloader
2023-08-14 07:04:43 INFO /home/aakash/PROJECTS/LOGIN_AUTHENTICATION/Authentication_System/myapp/serializers.py changed, reloading.
2023-08-14 07:04:43 INFO /home/aakash/PROJECTS/LOGIN_AUTHENTICATION/Authentication_System/myapp/serializers.py changed, reloading.
2023-08-14 07:04:44 INFO Watching for file changes with StatReloader
2023-08-14 07:04:44 INFO Watching for file changes with StatReloader
2023-08-14 07:05:45 INFO /home/aakash/PROJECTS/LOGIN_AUTHENTICATION/Authentication_System/myapp/urls.py changed, reloading.
2023-08-14 07:05:45 INFO /home/aakash/PROJECTS/LOGIN_AUTHENTICATION/Authentication_System/myapp/urls.py changed, reloading.
2023-08-14 07:05:46 INFO Watching for file changes with StatReloader
2023-08-14 07:05:46 INFO Watching for file changes with StatReloader
2023-08-14 07:05:52 INFO HORSE FETCHED SUCCESSFULLY
2023-08-14 07:05:52 ERROR An error occurred: 'Horse' object is not iterable
2023-08-14 07:05:52 ERROR "GET /get_horse_by_id/1/ HTTP/1.1" 500 49
2023-08-14 07:05:52 ERROR "GET /get_horse_by_id/1/ HTTP/1.1" 500 49
2023-08-14 07:06:31 INFO /home/aakash/PROJECTS/LOGIN_AUTHENTICATION/Authentication_System/myapp/views.py changed, reloading.
2023-08-14 07:06:31 INFO /home/aakash/PROJECTS/LOGIN_AUTHENTICATION/Authentication_System/myapp/views.py changed, reloading.
2023-08-14 07:06:31 INFO Watching for file changes with StatReloader
2023-08-14 07:06:31 INFO Watching for file changes with StatReloader
2023-08-14 07:06:34 INFO HORSE FETCHED SUCCESSFULLY
2023-08-14 07:06:34 ERROR An error occurred: 'Horse' object is not iterable
2023-08-14 07:06:34 ERROR "GET /get_horse_by_id/1/ HTTP/1.1" 500 49
2023-08-14 07:06:34 ERROR "GET /get_horse_by_id/1/ HTTP/1.1" 500 49
2023-08-14 07:06:59 INFO /home/aakash/PROJECTS/LOGIN_AUTHENTICATION/Authentication_System/myapp/views.py changed, reloading.
2023-08-14 07:06:59 INFO /home/aakash/PROJECTS/LOGIN_AUTHENTICATION/Authentication_System/myapp/views.py changed, reloading.
2023-08-14 07:07:00 INFO Watching for file changes with StatReloader
2023-08-14 07:07:00 INFO Watching for file changes with StatReloader
2023-08-14 07:07:02 INFO HORSE FETCHED SUCCESSFULLY
2023-08-14 07:07:02 ERROR An error occurred: 'Horse' object is not iterable
2023-08-14 07:07:02 ERROR "GET /get_horse_by_id/1/ HTTP/1.1" 500 49
2023-08-14 07:07:02 ERROR "GET /get_horse_by_id/1/ HTTP/1.1" 500 49
2023-08-14 07:07:54 INFO /home/aakash/PROJECTS/LOGIN_AUTHENTICATION/Authentication_System/myapp/views.py changed, reloading.
2023-08-14 07:07:54 INFO /home/aakash/PROJECTS/LOGIN_AUTHENTICATION/Authentication_System/myapp/views.py changed, reloading.
2023-08-14 07:07:54 INFO Watching for file changes with StatReloader
2023-08-14 07:07:54 INFO Watching for file changes with StatReloader
2023-08-14 07:07:57 INFO HORSE FETCHED SUCCESSFULLY
2023-08-14 07:07:57 INFO "GET /get_horse_by_id/1/ HTTP/1.1" 200 175
2023-08-14 07:07:57 INFO "GET /get_horse_by_id/1/ HTTP/1.1" 200 175
2023-08-14 07:08:08 INFO HORSE FETCHED SUCCESSFULLY
2023-08-14 07:08:08 INFO "GET /get_horse_by_id/2/ HTTP/1.1" 200 190
2023-08-14 07:08:08 INFO "GET /get_horse_by_id/2/ HTTP/1.1" 200 190
2023-08-14 07:09:33 INFO /home/aakash/PROJECTS/LOGIN_AUTHENTICATION/Authentication_System/myapp/urls.py changed, reloading.
2023-08-14 07:09:33 INFO /home/aakash/PROJECTS/LOGIN_AUTHENTICATION/Authentication_System/myapp/urls.py changed, reloading.
2023-08-14 07:09:33 INFO Watching for file changes with StatReloader
2023-08-14 07:09:33 INFO Watching for file changes with StatReloader
2023-08-14 07:09:49 INFO HORSE FETCHED SUCCESSFULLY
2023-08-14 07:09:49 INFO "GET /get_horse_by_id/2/ HTTP/1.1" 200 190
2023-08-14 07:09:49 INFO "GET /get_horse_by_id/2/ HTTP/1.1" 200 190
2023-08-14 07:09:55 WARNING "PUT /get_horse_by_id/2/ HTTP/1.1" 405 40
2023-08-14 07:09:55 WARNING "PUT /get_horse_by_id/2/ HTTP/1.1" 405 40
2023-08-14 07:10:22 INFO HORSE UPDATED SUCCESSFULLY
2023-08-14 07:10:22 INFO "PUT /update_Horse/2/ HTTP/1.1" 200 151
2023-08-14 07:10:22 INFO "PUT /update_Horse/2/ HTTP/1.1" 200 151
2023-08-14 07:10:57 INFO "GET /admin/myapp/horse/ HTTP/1.1" 200 13478
2023-08-14 07:10:57 INFO "GET /admin/myapp/horse/ HTTP/1.1" 200 13478
2023-08-14 07:10:59 INFO "GET /admin/myapp/horse/ HTTP/1.1" 200 13478
2023-08-14 07:10:59 INFO "GET /admin/myapp/horse/ HTTP/1.1" 200 13478
2023-08-14 07:10:59 INFO "GET /admin/jsi18n/ HTTP/1.1" 200 3343
2023-08-14 07:10:59 INFO "GET /admin/jsi18n/ HTTP/1.1" 200 3343
2023-08-14 07:11:18 INFO "GET /admin/myapp/horse/2/change/ HTTP/1.1" 200 14844
2023-08-14 07:11:18 INFO "GET /admin/myapp/horse/2/change/ HTTP/1.1" 200 14844
2023-08-14 07:11:18 INFO "GET /admin/jsi18n/ HTTP/1.1" 200 3343
2023-08-14 07:11:18 INFO "GET /admin/jsi18n/ HTTP/1.1" 200 3343
2023-08-14 07:12:40 INFO HORSE UPDATED SUCCESSFULLY
2023-08-14 07:12:40 INFO "PUT /update_Horse/2/ HTTP/1.1" 200 156
2023-08-14 07:12:40 INFO "PUT /update_Horse/2/ HTTP/1.1" 200 156
2023-08-14 07:12:50 INFO "GET /admin/myapp/horse/ HTTP/1.1" 200 13486
2023-08-14 07:12:50 INFO "GET /admin/myapp/horse/ HTTP/1.1" 200 13486
2023-08-14 07:12:51 INFO "GET /admin/myapp/horse/ HTTP/1.1" 200 13486
2023-08-14 07:12:51 INFO "GET /admin/myapp/horse/ HTTP/1.1" 200 13486
2023-08-14 07:12:51 INFO "GET /admin/jsi18n/ HTTP/1.1" 200 3343
2023-08-14 07:12:51 INFO "GET /admin/jsi18n/ HTTP/1.1" 200 3343
2023-08-14 07:12:53 INFO "GET /admin/myapp/horse/2/change/ HTTP/1.1" 200 14844
2023-08-14 07:12:53 INFO "GET /admin/myapp/horse/2/change/ HTTP/1.1" 200 14844
2023-08-14 07:12:53 INFO "GET /admin/jsi18n/ HTTP/1.1" 200 3343
2023-08-14 07:12:53 INFO "GET /admin/jsi18n/ HTTP/1.1" 200 3343
2023-08-14 07:13:01 INFO "GET /admin/myapp/horse/ HTTP/1.1" 200 13486
2023-08-14 07:13:01 INFO "GET /admin/myapp/horse/ HTTP/1.1" 200 13486
2023-08-14 08:38:48 INFO /home/aakash/PROJECTS/LOGIN_AUTHENTICATION/Authentication_System/myapp/serializers.py changed, reloading.
2023-08-14 08:38:48 INFO /home/aakash/PROJECTS/LOGIN_AUTHENTICATION/Authentication_System/myapp/serializers.py changed, reloading.
2023-08-14 08:38:48 INFO Watching for file changes with StatReloader
2023-08-14 08:38:48 INFO Watching for file changes with StatReloader
2023-08-14 08:57:01 INFO /home/aakash/PROJECTS/LOGIN_AUTHENTICATION/Authentication_System/myapp/views.py changed, reloading.
2023-08-14 08:57:01 INFO /home/aakash/PROJECTS/LOGIN_AUTHENTICATION/Authentication_System/myapp/views.py changed, reloading.
2023-08-14 08:57:01 INFO Watching for file changes with StatReloader
2023-08-14 08:57:01 INFO Watching for file changes with StatReloader
2023-08-14 10:30:32 INFO /home/aakash/PROJECTS/LOGIN_AUTHENTICATION/Authentication_System/myapp/views.py changed, reloading.
2023-08-14 10:30:32 INFO /home/aakash/PROJECTS/LOGIN_AUTHENTICATION/Authentication_System/myapp/views.py changed, reloading.
2023-08-14 10:30:33 INFO Watching for file changes with StatReloader
2023-08-14 10:30:33 INFO Watching for file changes with StatReloader
2023-08-14 10:30:34 INFO /home/aakash/PROJECTS/LOGIN_AUTHENTICATION/Authentication_System/myapp/views.py changed, reloading.
2023-08-14 10:30:34 INFO /home/aakash/PROJECTS/LOGIN_AUTHENTICATION/Authentication_System/myapp/views.py changed, reloading.
2023-08-14 10:30:34 INFO Watching for file changes with StatReloader
2023-08-14 10:30:34 INFO Watching for file changes with StatReloader
2023-08-14 10:31:09 INFO /home/aakash/PROJECTS/LOGIN_AUTHENTICATION/Authentication_System/myapp/urls.py changed, reloading.
2023-08-14 10:31:09 INFO /home/aakash/PROJECTS/LOGIN_AUTHENTICATION/Authentication_System/myapp/urls.py changed, reloading.
2023-08-14 10:31:10 INFO Watching for file changes with StatReloader
2023-08-14 10:31:10 INFO Watching for file changes with StatReloader
2023-08-14 10:32:04 WARNING "GET /delete_horse/2/ HTTP/1.1" 405 40
2023-08-14 10:32:04 WARNING "GET /delete_horse/2/ HTTP/1.1" 405 40
2023-08-14 10:32:13 INFO HORSE  DELETED SUCCESSFULLY 
2023-08-14 10:32:13 INFO "DELETE /delete_horse/2/ HTTP/1.1" 200 58
2023-08-14 10:32:13 INFO "DELETE /delete_horse/2/ HTTP/1.1" 200 58
2023-08-14 10:32:22 INFO "GET /admin/myapp/horse/ HTTP/1.1" 200 13049
2023-08-14 10:32:22 INFO "GET /admin/myapp/horse/ HTTP/1.1" 200 13049
2023-08-14 10:32:22 INFO "GET /admin/jsi18n/ HTTP/1.1" 200 3343
2023-08-14 10:32:22 INFO "GET /admin/jsi18n/ HTTP/1.1" 200 3343
2023-08-14 10:34:42 INFO "GET /admin/myapp/horse/1/change/ HTTP/1.1" 200 14573
2023-08-14 10:34:42 INFO "GET /admin/myapp/horse/1/change/ HTTP/1.1" 200 14573
2023-08-14 10:34:42 INFO "GET /admin/jsi18n/ HTTP/1.1" 200 3343
2023-08-14 10:34:42 INFO "GET /admin/jsi18n/ HTTP/1.1" 200 3343
2023-08-14 10:45:56 INFO Horse created successfully 
2023-08-14 10:45:56 INFO "POST /Create_Horse/ HTTP/1.1" 201 153
2023-08-14 10:45:56 INFO "POST /Create_Horse/ HTTP/1.1" 201 153
2023-08-14 10:46:11 INFO /home/aakash/PROJECTS/LOGIN_AUTHENTICATION/Authentication_System/myapp/views.py changed, reloading.
2023-08-14 10:46:11 INFO /home/aakash/PROJECTS/LOGIN_AUTHENTICATION/Authentication_System/myapp/views.py changed, reloading.
2023-08-14 10:46:11 INFO Watching for file changes with StatReloader
2023-08-14 10:46:11 INFO Watching for file changes with StatReloader
2023-08-14 10:46:18 INFO "GET /admin/myapp/horse/ HTTP/1.1" 200 13473
2023-08-14 10:46:18 INFO "GET /admin/myapp/horse/ HTTP/1.1" 200 13473
2023-08-14 10:46:20 INFO "GET /admin/myapp/horse/ HTTP/1.1" 200 13473
2023-08-14 10:46:20 INFO "GET /admin/myapp/horse/ HTTP/1.1" 200 13473
2023-08-14 10:46:20 INFO "GET /admin/jsi18n/ HTTP/1.1" 200 3343
2023-08-14 10:46:20 INFO "GET /admin/jsi18n/ HTTP/1.1" 200 3343
2023-08-14 11:03:26 INFO Watching for file changes with StatReloader
2023-08-14 11:03:26 INFO Watching for file changes with StatReloader
2023-08-14 11:06:01 INFO Horse created successfully 
2023-08-14 11:06:01 INFO "POST /Create_Horse/ HTTP/1.1" 201 156
2023-08-14 11:06:01 INFO "POST /Create_Horse/ HTTP/1.1" 201 156
2023-08-14 11:06:29 INFO /home/aakash/PROJECTS/LOGIN_AUTHENTICATION/Authentication_System/myapp/serializers.py changed, reloading.
2023-08-14 11:06:29 INFO /home/aakash/PROJECTS/LOGIN_AUTHENTICATION/Authentication_System/myapp/serializers.py changed, reloading.
2023-08-14 11:06:29 INFO Watching for file changes with StatReloader
2023-08-14 11:06:29 INFO Watching for file changes with StatReloader
2023-08-14 11:06:39 INFO /home/aakash/PROJECTS/LOGIN_AUTHENTICATION/Authentication_System/myapp/serializers.py changed, reloading.
2023-08-14 11:06:39 INFO /home/aakash/PROJECTS/LOGIN_AUTHENTICATION/Authentication_System/myapp/serializers.py changed, reloading.
2023-08-14 11:06:39 INFO Watching for file changes with StatReloader
2023-08-14 11:06:39 INFO Watching for file changes with StatReloader
2023-08-14 11:06:56 INFO "GET /admin/myapp/horse/ HTTP/1.1" 200 13493
2023-08-14 11:06:56 INFO "GET /admin/myapp/horse/ HTTP/1.1" 200 13493
2023-08-14 11:06:56 INFO "GET /admin/jsi18n/ HTTP/1.1" 200 3343
2023-08-14 11:06:56 INFO "GET /admin/jsi18n/ HTTP/1.1" 200 3343
2023-08-14 11:08:00 INFO /home/aakash/PROJECTS/LOGIN_AUTHENTICATION/Authentication_System/myapp/models.py changed, reloading.
2023-08-14 11:08:00 INFO /home/aakash/PROJECTS/LOGIN_AUTHENTICATION/Authentication_System/myapp/models.py changed, reloading.
2023-08-14 11:08:01 INFO Watching for file changes with StatReloader
2023-08-14 11:08:01 INFO Watching for file changes with StatReloader
2023-08-14 11:08:02 INFO /home/aakash/PROJECTS/LOGIN_AUTHENTICATION/Authentication_System/myapp/models.py changed, reloading.
2023-08-14 11:08:02 INFO /home/aakash/PROJECTS/LOGIN_AUTHENTICATION/Authentication_System/myapp/models.py changed, reloading.
2023-08-14 11:08:02 INFO Watching for file changes with StatReloader
2023-08-14 11:08:02 INFO Watching for file changes with StatReloader
2023-08-14 11:28:08 INFO /home/aakash/PROJECTS/LOGIN_AUTHENTICATION/Authentication_System/myapp/models.py changed, reloading.
2023-08-14 11:28:08 INFO /home/aakash/PROJECTS/LOGIN_AUTHENTICATION/Authentication_System/myapp/models.py changed, reloading.
2023-08-14 11:28:08 INFO Watching for file changes with StatReloader
2023-08-14 11:28:08 INFO Watching for file changes with StatReloader
2023-08-14 11:28:40 INFO HORSE  DELETED SUCCESSFULLY 
2023-08-14 11:28:40 INFO "DELETE /delete_horse/4/ HTTP/1.1" 200 58
2023-08-14 11:28:40 INFO "DELETE /delete_horse/4/ HTTP/1.1" 200 58
2023-08-14 11:29:24 INFO "GET /admin/myapp/horse/ HTTP/1.1" 200 13151
2023-08-14 11:29:24 INFO "GET /admin/myapp/horse/ HTTP/1.1" 200 13151
2023-08-14 11:29:24 INFO "GET /admin/jsi18n/ HTTP/1.1" 200 3343
2023-08-14 11:29:24 INFO "GET /admin/jsi18n/ HTTP/1.1" 200 3343
2023-08-14 11:51:01 INFO "GET /admin/myapp/horse/3/change/ HTTP/1.1" 200 14316
2023-08-14 11:51:01 INFO "GET /admin/myapp/horse/3/change/ HTTP/1.1" 200 14316
2023-08-14 11:51:01 INFO "GET /admin/jsi18n/ HTTP/1.1" 200 3343
2023-08-14 11:51:01 INFO "GET /admin/jsi18n/ HTTP/1.1" 200 3343
2023-08-14 12:40:13 WARNING "DELETE /delete_horse/4/ HTTP/1.1" 400 74
2023-08-14 12:40:13 WARNING "DELETE /delete_horse/4/ HTTP/1.1" 400 74
2023-08-16 04:50:44 INFO Watching for file changes with StatReloader
2023-08-16 04:50:44 INFO Watching for file changes with StatReloader
2023-08-16 04:50:56 INFO Watching for file changes with StatReloader
2023-08-16 04:50:56 INFO Watching for file changes with StatReloader
2023-08-16 05:32:24 INFO FETCHED ALL THE HORSES 
2023-08-16 05:32:24 INFO "GET /get_all_horses/ HTTP/1.1" 200 300
2023-08-16 05:32:24 INFO "GET /get_all_horses/ HTTP/1.1" 200 300
2023-08-16 06:22:22 INFO "GET /admin/myapp/horse/3/change/ HTTP/1.1" 302 0
2023-08-16 06:22:22 INFO "GET /admin/myapp/horse/3/change/ HTTP/1.1" 302 0
2023-08-16 06:22:22 INFO "GET /admin/login/?next=/admin/myapp/horse/3/change/ HTTP/1.1" 200 4223
2023-08-16 06:22:22 INFO "GET /admin/login/?next=/admin/myapp/horse/3/change/ HTTP/1.1" 200 4223
2023-08-16 06:22:23 INFO "GET /static/admin/css/base.css HTTP/1.1" 304 0
2023-08-16 06:22:23 INFO "GET /static/admin/css/base.css HTTP/1.1" 304 0
2023-08-16 06:22:23 INFO "GET /static/admin/css/dark_mode.css HTTP/1.1" 304 0
2023-08-16 06:22:23 INFO "GET /static/admin/css/dark_mode.css HTTP/1.1" 304 0
2023-08-16 06:22:23 INFO "GET /static/admin/css/nav_sidebar.css HTTP/1.1" 304 0
2023-08-16 06:22:23 INFO "GET /static/admin/css/nav_sidebar.css HTTP/1.1" 304 0
2023-08-16 06:22:23 INFO "GET /static/admin/css/login.css HTTP/1.1" 304 0
2023-08-16 06:22:23 INFO "GET /static/admin/css/login.css HTTP/1.1" 304 0
2023-08-16 06:22:23 INFO "GET /static/admin/css/responsive.css HTTP/1.1" 304 0
2023-08-16 06:22:23 INFO "GET /static/admin/css/responsive.css HTTP/1.1" 304 0
2023-08-16 06:22:23 INFO "GET /static/admin/js/theme.js HTTP/1.1" 304 0
2023-08-16 06:22:23 INFO "GET /static/admin/js/theme.js HTTP/1.1" 304 0
2023-08-16 06:22:23 INFO "GET /static/admin/js/nav_sidebar.js HTTP/1.1" 304 0
2023-08-16 06:22:23 INFO "GET /static/admin/js/nav_sidebar.js HTTP/1.1" 304 0
2023-08-16 06:22:23 WARNING "GET /favicon.ico HTTP/1.1" 404 9532
2023-08-16 06:22:23 WARNING "GET /favicon.ico HTTP/1.1" 404 9532
2023-08-16 06:22:25 INFO "POST /admin/login/?next=/admin/myapp/horse/3/change/ HTTP/1.1" 302 0
2023-08-16 06:22:25 INFO "POST /admin/login/?next=/admin/myapp/horse/3/change/ HTTP/1.1" 302 0
2023-08-16 06:22:25 INFO "GET /admin/myapp/horse/3/change/ HTTP/1.1" 200 14316
2023-08-16 06:22:25 INFO "GET /admin/myapp/horse/3/change/ HTTP/1.1" 200 14316
2023-08-16 06:22:25 INFO "GET /static/admin/js/vendor/jquery/jquery.js HTTP/1.1" 304 0
2023-08-16 06:22:25 INFO "GET /static/admin/js/vendor/jquery/jquery.js HTTP/1.1" 304 0
2023-08-16 06:22:25 INFO "GET /static/admin/css/forms.css HTTP/1.1" 304 0
2023-08-16 06:22:25 INFO "GET /static/admin/css/forms.css HTTP/1.1" 304 0
2023-08-16 06:22:25 INFO "GET /static/admin/js/jquery.init.js HTTP/1.1" 304 0
2023-08-16 06:22:25 INFO "GET /static/admin/js/core.js HTTP/1.1" 304 0
2023-08-16 06:22:25 INFO "GET /static/admin/js/jquery.init.js HTTP/1.1" 304 0
2023-08-16 06:22:25 INFO "GET /static/admin/js/core.js HTTP/1.1" 304 0
2023-08-16 06:22:25 INFO "GET /static/admin/js/actions.js HTTP/1.1" 304 0
2023-08-16 06:22:25 INFO "GET /static/admin/js/actions.js HTTP/1.1" 304 0
2023-08-16 06:22:25 INFO "GET /static/admin/js/urlify.js HTTP/1.1" 304 0
2023-08-16 06:22:25 INFO "GET /static/admin/js/prepopulate.js HTTP/1.1" 304 0
2023-08-16 06:22:25 INFO "GET /static/admin/js/prepopulate.js HTTP/1.1" 304 0
2023-08-16 06:22:25 INFO "GET /static/admin/js/admin/RelatedObjectLookups.js HTTP/1.1" 304 0
2023-08-16 06:22:25 INFO "GET /static/admin/js/urlify.js HTTP/1.1" 304 0
2023-08-16 06:22:25 INFO "GET /static/admin/js/vendor/xregexp/xregexp.js HTTP/1.1" 304 0
2023-08-16 06:22:25 INFO "GET /static/admin/js/admin/RelatedObjectLookups.js HTTP/1.1" 304 0
2023-08-16 06:22:25 INFO "GET /static/admin/js/vendor/xregexp/xregexp.js HTTP/1.1" 304 0
2023-08-16 06:22:25 INFO "GET /admin/jsi18n/ HTTP/1.1" 200 3343
2023-08-16 06:22:25 INFO "GET /admin/jsi18n/ HTTP/1.1" 200 3343
2023-08-16 06:22:25 INFO "GET /static/admin/js/prepopulate_init.js HTTP/1.1" 304 0
2023-08-16 06:22:25 INFO "GET /static/admin/js/prepopulate_init.js HTTP/1.1" 304 0
2023-08-16 06:22:25 INFO "GET /static/admin/css/widgets.css HTTP/1.1" 304 0
2023-08-16 06:22:25 INFO "GET /static/admin/css/widgets.css HTTP/1.1" 304 0
2023-08-16 06:22:25 INFO "GET /static/admin/js/change_form.js HTTP/1.1" 304 0
2023-08-16 06:22:25 INFO "GET /static/admin/js/change_form.js HTTP/1.1" 304 0
2023-08-16 06:22:25 INFO "GET /static/admin/img/icon-addlink.svg HTTP/1.1" 304 0
2023-08-16 06:22:25 INFO "GET /static/admin/img/icon-addlink.svg HTTP/1.1" 304 0
2023-08-16 06:35:31 INFO "GET /admin/login/?next=/admin/myapp/horse/3/change/ HTTP/1.1" 302 0
2023-08-16 06:35:31 INFO "GET /admin/login/?next=/admin/myapp/horse/3/change/ HTTP/1.1" 302 0
2023-08-16 06:35:31 INFO "GET /admin/ HTTP/1.1" 200 14405
2023-08-16 06:35:31 INFO "GET /admin/ HTTP/1.1" 200 14405
2023-08-16 06:35:31 INFO "GET /static/admin/css/dashboard.css HTTP/1.1" 304 0
2023-08-16 06:35:31 INFO "GET /static/admin/css/dashboard.css HTTP/1.1" 304 0
2023-08-16 06:35:31 INFO "GET /static/admin/img/icon-changelink.svg HTTP/1.1" 304 0
2023-08-16 06:35:31 INFO "GET /static/admin/img/icon-deletelink.svg HTTP/1.1" 304 0
2023-08-16 06:35:31 INFO "GET /static/admin/img/icon-changelink.svg HTTP/1.1" 304 0
2023-08-16 06:35:31 INFO "GET /static/admin/img/icon-deletelink.svg HTTP/1.1" 304 0
2023-08-16 07:59:56 INFO /home/aakash/PROJECTS/LOGIN_AUTHENTICATION/Authentication_System/myapp/views.py changed, reloading.
2023-08-16 07:59:56 INFO /home/aakash/PROJECTS/LOGIN_AUTHENTICATION/Authentication_System/myapp/views.py changed, reloading.
2023-08-16 07:59:56 INFO Watching for file changes with StatReloader
2023-08-16 07:59:56 INFO Watching for file changes with StatReloader
2023-08-16 08:00:07 INFO "GET /MANY_TO_MANY_ORM/ HTTP/1.1" 200 1100
2023-08-16 08:00:07 INFO "GET /MANY_TO_MANY_ORM/ HTTP/1.1" 200 1100
2023-08-16 08:01:08 INFO /home/aakash/PROJECTS/LOGIN_AUTHENTICATION/Authentication_System/myapp/views.py changed, reloading.
2023-08-16 08:01:08 INFO /home/aakash/PROJECTS/LOGIN_AUTHENTICATION/Authentication_System/myapp/views.py changed, reloading.
2023-08-16 08:01:09 INFO Watching for file changes with StatReloader
2023-08-16 08:01:09 INFO Watching for file changes with StatReloader
2023-08-16 08:02:51 INFO /home/aakash/PROJECTS/LOGIN_AUTHENTICATION/Authentication_System/myapp/views.py changed, reloading.
2023-08-16 08:02:51 INFO /home/aakash/PROJECTS/LOGIN_AUTHENTICATION/Authentication_System/myapp/views.py changed, reloading.
2023-08-16 08:02:52 INFO Watching for file changes with StatReloader
2023-08-16 08:02:52 INFO Watching for file changes with StatReloader
2023-08-16 08:02:56 INFO "GET /MANY_TO_MANY_ORM/ HTTP/1.1" 200 1100
2023-08-16 08:02:56 INFO "GET /MANY_TO_MANY_ORM/ HTTP/1.1" 200 1100
2023-08-16 08:05:30 INFO /home/aakash/PROJECTS/LOGIN_AUTHENTICATION/Authentication_System/myapp/views.py changed, reloading.
2023-08-16 08:05:30 INFO /home/aakash/PROJECTS/LOGIN_AUTHENTICATION/Authentication_System/myapp/views.py changed, reloading.
2023-08-16 08:05:31 INFO Watching for file changes with StatReloader
2023-08-16 08:05:31 INFO Watching for file changes with StatReloader
2023-08-16 08:05:33 ERROR "GET /MANY_TO_MANY_ORM/ HTTP/1.1" 500 184682
2023-08-16 08:05:33 ERROR "GET /MANY_TO_MANY_ORM/ HTTP/1.1" 500 184682
2023-08-16 08:07:07 INFO /home/aakash/PROJECTS/LOGIN_AUTHENTICATION/Authentication_System/myapp/views.py changed, reloading.
2023-08-16 08:07:07 INFO /home/aakash/PROJECTS/LOGIN_AUTHENTICATION/Authentication_System/myapp/views.py changed, reloading.
2023-08-16 08:07:08 INFO Watching for file changes with StatReloader
2023-08-16 08:07:08 INFO Watching for file changes with StatReloader
2023-08-16 08:07:11 INFO "GET /MANY_TO_MANY_ORM/ HTTP/1.1" 200 1100
2023-08-16 08:07:11 INFO "GET /MANY_TO_MANY_ORM/ HTTP/1.1" 200 1100
2023-08-16 08:07:59 INFO /home/aakash/PROJECTS/LOGIN_AUTHENTICATION/Authentication_System/myapp/views.py changed, reloading.
2023-08-16 08:07:59 INFO /home/aakash/PROJECTS/LOGIN_AUTHENTICATION/Authentication_System/myapp/views.py changed, reloading.
2023-08-16 08:07:59 INFO Watching for file changes with StatReloader
2023-08-16 08:07:59 INFO Watching for file changes with StatReloader
2023-08-16 08:08:01 INFO "GET /MANY_TO_MANY_ORM/ HTTP/1.1" 200 1100
2023-08-16 08:08:01 INFO "GET /MANY_TO_MANY_ORM/ HTTP/1.1" 200 1100
2023-08-16 08:08:56 INFO /home/aakash/PROJECTS/LOGIN_AUTHENTICATION/Authentication_System/myapp/views.py changed, reloading.
2023-08-16 08:08:56 INFO /home/aakash/PROJECTS/LOGIN_AUTHENTICATION/Authentication_System/myapp/views.py changed, reloading.
2023-08-16 08:08:56 INFO Watching for file changes with StatReloader
2023-08-16 08:08:56 INFO Watching for file changes with StatReloader
2023-08-16 08:08:59 INFO "GET /MANY_TO_MANY_ORM/ HTTP/1.1" 200 1100
2023-08-16 08:08:59 INFO "GET /MANY_TO_MANY_ORM/ HTTP/1.1" 200 1100
2023-08-16 08:11:02 INFO /home/aakash/PROJECTS/LOGIN_AUTHENTICATION/Authentication_System/myapp/views.py changed, reloading.
2023-08-16 08:11:02 INFO /home/aakash/PROJECTS/LOGIN_AUTHENTICATION/Authentication_System/myapp/views.py changed, reloading.
2023-08-16 08:11:03 INFO Watching for file changes with StatReloader
2023-08-16 08:11:03 INFO Watching for file changes with StatReloader
2023-08-16 08:11:08 ERROR "GET /MANY_TO_MANY_ORM/ HTTP/1.1" 500 185914
2023-08-16 08:11:08 ERROR "GET /MANY_TO_MANY_ORM/ HTTP/1.1" 500 185914
2023-08-16 08:12:11 INFO /home/aakash/PROJECTS/LOGIN_AUTHENTICATION/Authentication_System/myapp/views.py changed, reloading.
2023-08-16 08:12:11 INFO /home/aakash/PROJECTS/LOGIN_AUTHENTICATION/Authentication_System/myapp/views.py changed, reloading.
2023-08-16 08:12:12 INFO Watching for file changes with StatReloader
2023-08-16 08:12:12 INFO Watching for file changes with StatReloader
2023-08-16 08:12:14 ERROR "GET /MANY_TO_MANY_ORM/ HTTP/1.1" 500 112743
2023-08-16 08:12:14 ERROR "GET /MANY_TO_MANY_ORM/ HTTP/1.1" 500 112743
2023-08-16 08:12:59 INFO /home/aakash/PROJECTS/LOGIN_AUTHENTICATION/Authentication_System/myapp/views.py changed, reloading.
2023-08-16 08:12:59 INFO /home/aakash/PROJECTS/LOGIN_AUTHENTICATION/Authentication_System/myapp/views.py changed, reloading.
2023-08-16 08:12:59 INFO Watching for file changes with StatReloader
2023-08-16 08:12:59 INFO Watching for file changes with StatReloader
2023-08-16 08:13:03 INFO "GET /MANY_TO_MANY_ORM/ HTTP/1.1" 200 1100
2023-08-16 08:13:03 INFO "GET /MANY_TO_MANY_ORM/ HTTP/1.1" 200 1100
2023-08-16 08:13:26 INFO "GET /MANY_TO_MANY_ORM/ HTTP/1.1" 200 1100
2023-08-16 08:13:26 INFO "GET /MANY_TO_MANY_ORM/ HTTP/1.1" 200 1100
2023-08-16 08:19:42 INFO /home/aakash/PROJECTS/LOGIN_AUTHENTICATION/Authentication_System/myapp/views.py changed, reloading.
2023-08-16 08:19:42 INFO /home/aakash/PROJECTS/LOGIN_AUTHENTICATION/Authentication_System/myapp/views.py changed, reloading.
2023-08-16 08:19:42 INFO Watching for file changes with StatReloader
2023-08-16 08:19:42 INFO Watching for file changes with StatReloader
2023-08-16 08:19:45 ERROR "GET /MANY_TO_MANY_ORM/ HTTP/1.1" 500 189148
2023-08-16 08:19:45 ERROR "GET /MANY_TO_MANY_ORM/ HTTP/1.1" 500 189148
2023-08-16 08:22:19 INFO /home/aakash/PROJECTS/LOGIN_AUTHENTICATION/Authentication_System/myapp/views.py changed, reloading.
2023-08-16 08:22:19 INFO /home/aakash/PROJECTS/LOGIN_AUTHENTICATION/Authentication_System/myapp/views.py changed, reloading.
2023-08-16 08:22:19 INFO Watching for file changes with StatReloader
2023-08-16 08:22:19 INFO Watching for file changes with StatReloader
2023-08-16 08:22:22 ERROR "GET /MANY_TO_MANY_ORM/ HTTP/1.1" 500 189386
2023-08-16 08:22:22 ERROR "GET /MANY_TO_MANY_ORM/ HTTP/1.1" 500 189386
2023-08-16 08:24:18 INFO /home/aakash/PROJECTS/LOGIN_AUTHENTICATION/Authentication_System/myapp/views.py changed, reloading.
2023-08-16 08:24:18 INFO /home/aakash/PROJECTS/LOGIN_AUTHENTICATION/Authentication_System/myapp/views.py changed, reloading.
2023-08-16 08:24:18 INFO Watching for file changes with StatReloader
2023-08-16 08:24:18 INFO Watching for file changes with StatReloader
2023-08-16 08:24:22 ERROR "GET /MANY_TO_MANY_ORM/ HTTP/1.1" 500 188092
2023-08-16 08:24:22 ERROR "GET /MANY_TO_MANY_ORM/ HTTP/1.1" 500 188092
2023-08-16 09:52:11 INFO /home/aakash/PROJECTS/LOGIN_AUTHENTICATION/Authentication_System/myapp/views.py changed, reloading.
2023-08-16 09:52:11 INFO /home/aakash/PROJECTS/LOGIN_AUTHENTICATION/Authentication_System/myapp/views.py changed, reloading.
2023-08-16 09:52:12 INFO Watching for file changes with StatReloader
2023-08-16 09:52:12 INFO Watching for file changes with StatReloader
2023-08-16 09:52:14 ERROR "GET /MANY_TO_MANY_ORM/ HTTP/1.1" 500 113171
2023-08-16 09:52:14 ERROR "GET /MANY_TO_MANY_ORM/ HTTP/1.1" 500 113171
2023-08-16 09:58:00 INFO Watching for file changes with StatReloader
2023-08-16 09:58:00 INFO Watching for file changes with StatReloader
2023-08-16 09:58:03 INFO "GET /MANY_TO_MANY_ORM/ HTTP/1.1" 200 1100
2023-08-16 09:58:03 INFO "GET /MANY_TO_MANY_ORM/ HTTP/1.1" 200 1100
2023-08-16 09:58:48 INFO /home/aakash/PROJECTS/LOGIN_AUTHENTICATION/Authentication_System/myapp/views.py changed, reloading.
2023-08-16 09:58:48 INFO /home/aakash/PROJECTS/LOGIN_AUTHENTICATION/Authentication_System/myapp/views.py changed, reloading.
2023-08-16 09:58:49 INFO Watching for file changes with StatReloader
2023-08-16 09:58:49 INFO Watching for file changes with StatReloader
2023-08-16 09:58:51 INFO "GET /MANY_TO_MANY_ORM/ HTTP/1.1" 200 1100
2023-08-16 09:58:51 INFO "GET /MANY_TO_MANY_ORM/ HTTP/1.1" 200 1100
2023-08-16 10:27:02 INFO Watching for file changes with StatReloader
2023-08-16 10:27:02 INFO Watching for file changes with StatReloader
2023-08-16 10:27:06 ERROR "GET /MANY_TO_MANY_ORM/ HTTP/1.1" 500 96067
2023-08-16 10:27:06 ERROR "GET /MANY_TO_MANY_ORM/ HTTP/1.1" 500 96067
2023-08-16 10:27:32 INFO /home/aakash/PROJECTS/LOGIN_AUTHENTICATION/Authentication_System/myapp/views.py changed, reloading.
2023-08-16 10:27:32 INFO /home/aakash/PROJECTS/LOGIN_AUTHENTICATION/Authentication_System/myapp/views.py changed, reloading.
2023-08-16 10:27:32 INFO Watching for file changes with StatReloader
2023-08-16 10:27:32 INFO Watching for file changes with StatReloader
2023-08-16 10:27:34 INFO "GET /MANY_TO_MANY_ORM/ HTTP/1.1" 200 1100
2023-08-16 10:27:34 INFO "GET /MANY_TO_MANY_ORM/ HTTP/1.1" 200 1100
2023-08-16 10:28:05 INFO /home/aakash/PROJECTS/LOGIN_AUTHENTICATION/Authentication_System/myapp/views.py changed, reloading.
2023-08-16 10:28:05 INFO /home/aakash/PROJECTS/LOGIN_AUTHENTICATION/Authentication_System/myapp/views.py changed, reloading.
2023-08-16 10:28:06 INFO Watching for file changes with StatReloader
2023-08-16 10:28:06 INFO Watching for file changes with StatReloader
2023-08-16 10:28:09 INFO "GET /MANY_TO_MANY_ORM/ HTTP/1.1" 200 1100
2023-08-16 10:28:09 INFO "GET /MANY_TO_MANY_ORM/ HTTP/1.1" 200 1100
2023-08-16 10:28:18 INFO /home/aakash/PROJECTS/LOGIN_AUTHENTICATION/Authentication_System/myapp/views.py changed, reloading.
2023-08-16 10:28:18 INFO /home/aakash/PROJECTS/LOGIN_AUTHENTICATION/Authentication_System/myapp/views.py changed, reloading.
2023-08-16 10:28:19 INFO Watching for file changes with StatReloader
2023-08-16 10:28:19 INFO Watching for file changes with StatReloader
2023-08-16 10:28:51 INFO /home/aakash/PROJECTS/LOGIN_AUTHENTICATION/Authentication_System/myapp/views.py changed, reloading.
2023-08-16 10:28:51 INFO /home/aakash/PROJECTS/LOGIN_AUTHENTICATION/Authentication_System/myapp/views.py changed, reloading.
2023-08-16 10:28:51 INFO Watching for file changes with StatReloader
2023-08-16 10:28:51 INFO Watching for file changes with StatReloader
2023-08-16 10:28:53 ERROR "GET /MANY_TO_MANY_ORM/ HTTP/1.1" 500 163517
2023-08-16 10:28:53 ERROR "GET /MANY_TO_MANY_ORM/ HTTP/1.1" 500 163517
2023-08-16 10:44:09 INFO /home/aakash/PROJECTS/LOGIN_AUTHENTICATION/Authentication_System/myapp/views.py changed, reloading.
2023-08-16 10:44:09 INFO /home/aakash/PROJECTS/LOGIN_AUTHENTICATION/Authentication_System/myapp/views.py changed, reloading.
2023-08-16 10:44:09 INFO Watching for file changes with StatReloader
2023-08-16 10:44:09 INFO Watching for file changes with StatReloader
2023-08-16 10:44:12 ERROR "GET /MANY_TO_MANY_ORM/ HTTP/1.1" 500 163336
2023-08-16 10:44:12 ERROR "GET /MANY_TO_MANY_ORM/ HTTP/1.1" 500 163336
2023-08-16 10:44:57 INFO /home/aakash/PROJECTS/LOGIN_AUTHENTICATION/Authentication_System/myapp/views.py changed, reloading.
2023-08-16 10:44:57 INFO /home/aakash/PROJECTS/LOGIN_AUTHENTICATION/Authentication_System/myapp/views.py changed, reloading.
2023-08-16 10:44:57 INFO Watching for file changes with StatReloader
2023-08-16 10:44:57 INFO Watching for file changes with StatReloader
2023-08-16 10:45:01 ERROR "GET /MANY_TO_MANY_ORM/ HTTP/1.1" 500 96069
2023-08-16 10:45:01 ERROR "GET /MANY_TO_MANY_ORM/ HTTP/1.1" 500 96069
2023-08-16 10:48:04 INFO /home/aakash/PROJECTS/LOGIN_AUTHENTICATION/Authentication_System/myapp/views.py changed, reloading.
2023-08-16 10:48:04 INFO /home/aakash/PROJECTS/LOGIN_AUTHENTICATION/Authentication_System/myapp/views.py changed, reloading.
2023-08-16 10:48:05 INFO Watching for file changes with StatReloader
2023-08-16 10:48:05 INFO Watching for file changes with StatReloader
2023-08-16 10:48:07 INFO "GET /MANY_TO_MANY_ORM/ HTTP/1.1" 200 1100
2023-08-16 10:48:07 INFO "GET /MANY_TO_MANY_ORM/ HTTP/1.1" 200 1100
2023-08-16 10:52:45 INFO /home/aakash/PROJECTS/LOGIN_AUTHENTICATION/Authentication_System/myapp/views.py changed, reloading.
2023-08-16 10:52:45 INFO /home/aakash/PROJECTS/LOGIN_AUTHENTICATION/Authentication_System/myapp/views.py changed, reloading.
2023-08-16 10:52:45 INFO Watching for file changes with StatReloader
2023-08-16 10:52:45 INFO Watching for file changes with StatReloader
2023-08-16 10:52:47 INFO "GET /MANY_TO_MANY_ORM/ HTTP/1.1" 200 1100
2023-08-16 10:52:47 INFO "GET /MANY_TO_MANY_ORM/ HTTP/1.1" 200 1100
2023-08-16 10:53:10 INFO /home/aakash/PROJECTS/LOGIN_AUTHENTICATION/Authentication_System/myapp/views.py changed, reloading.
2023-08-16 10:53:10 INFO /home/aakash/PROJECTS/LOGIN_AUTHENTICATION/Authentication_System/myapp/views.py changed, reloading.
2023-08-16 10:53:10 INFO Watching for file changes with StatReloader
2023-08-16 10:53:10 INFO Watching for file changes with StatReloader
2023-08-16 10:53:13 ERROR "GET /MANY_TO_MANY_ORM/ HTTP/1.1" 500 164988
2023-08-16 10:53:13 ERROR "GET /MANY_TO_MANY_ORM/ HTTP/1.1" 500 164988
2023-08-16 10:53:35 INFO /home/aakash/PROJECTS/LOGIN_AUTHENTICATION/Authentication_System/myapp/views.py changed, reloading.
2023-08-16 10:53:35 INFO /home/aakash/PROJECTS/LOGIN_AUTHENTICATION/Authentication_System/myapp/views.py changed, reloading.
2023-08-16 10:53:35 INFO Watching for file changes with StatReloader
2023-08-16 10:53:35 INFO Watching for file changes with StatReloader
2023-08-16 10:53:37 INFO "GET /MANY_TO_MANY_ORM/ HTTP/1.1" 200 1100
2023-08-16 10:53:37 INFO "GET /MANY_TO_MANY_ORM/ HTTP/1.1" 200 1100
2023-08-16 11:00:17 INFO /home/aakash/PROJECTS/LOGIN_AUTHENTICATION/Authentication_System/myapp/views.py changed, reloading.
2023-08-16 11:00:17 INFO /home/aakash/PROJECTS/LOGIN_AUTHENTICATION/Authentication_System/myapp/views.py changed, reloading.
2023-08-16 11:00:17 INFO Watching for file changes with StatReloader
2023-08-16 11:00:17 INFO Watching for file changes with StatReloader
2023-08-16 11:13:37 INFO "GET /MANY_TO_MANY_ORM/ HTTP/1.1" 200 1100
2023-08-16 11:13:37 INFO "GET /MANY_TO_MANY_ORM/ HTTP/1.1" 200 1100
2023-08-16 11:58:36 INFO "GET /admin/myapp/author/ HTTP/1.1" 200 12479
2023-08-16 11:58:36 INFO "GET /admin/myapp/author/ HTTP/1.1" 200 12479
2023-08-16 11:58:36 INFO "GET /static/admin/css/changelists.css HTTP/1.1" 304 0
2023-08-16 11:58:36 INFO "GET /static/admin/css/changelists.css HTTP/1.1" 304 0
2023-08-16 11:58:36 INFO "GET /admin/jsi18n/ HTTP/1.1" 200 3343
2023-08-16 11:58:36 INFO "GET /admin/jsi18n/ HTTP/1.1" 200 3343
2023-08-16 11:58:36 INFO "GET /static/admin/js/filters.js HTTP/1.1" 304 0
2023-08-16 11:58:36 INFO "GET /static/admin/js/filters.js HTTP/1.1" 304 0
2023-08-16 11:58:36 INFO "GET /static/admin/img/tooltag-add.svg HTTP/1.1" 304 0
2023-08-16 11:58:36 INFO "GET /static/admin/img/tooltag-add.svg HTTP/1.1" 304 0
2023-08-16 11:58:43 INFO "GET /admin/myapp/author/1/change/ HTTP/1.1" 200 14865
2023-08-16 11:58:43 INFO "GET /admin/myapp/author/1/change/ HTTP/1.1" 200 14865
2023-08-16 11:58:43 INFO "GET /static/admin/js/calendar.js HTTP/1.1" 304 0
2023-08-16 11:58:43 INFO "GET /static/admin/js/calendar.js HTTP/1.1" 304 0
2023-08-16 11:58:43 INFO "GET /admin/jsi18n/ HTTP/1.1" 200 3343
2023-08-16 11:58:43 INFO "GET /admin/jsi18n/ HTTP/1.1" 200 3343
2023-08-16 11:58:43 INFO "GET /static/admin/js/admin/DateTimeShortcuts.js HTTP/1.1" 304 0
2023-08-16 11:58:43 INFO "GET /static/admin/js/admin/DateTimeShortcuts.js HTTP/1.1" 304 0
2023-08-16 11:58:43 INFO "GET /static/admin/img/icon-calendar.svg HTTP/1.1" 304 0
2023-08-16 11:58:43 INFO "GET /static/admin/img/icon-calendar.svg HTTP/1.1" 304 0
2023-08-16 11:58:47 INFO "GET /admin/myapp/author/ HTTP/1.1" 200 12479
2023-08-16 11:58:47 INFO "GET /admin/myapp/author/ HTTP/1.1" 200 12479
2023-08-16 11:58:49 INFO "GET /admin/myapp/author/1/change/ HTTP/1.1" 200 14865
2023-08-16 11:58:49 INFO "GET /admin/myapp/author/1/change/ HTTP/1.1" 200 14865
2023-08-16 12:08:41 INFO /home/aakash/PROJECTS/LOGIN_AUTHENTICATION/Authentication_System/myapp/views.py changed, reloading.
2023-08-16 12:08:41 INFO /home/aakash/PROJECTS/LOGIN_AUTHENTICATION/Authentication_System/myapp/views.py changed, reloading.
2023-08-16 12:08:41 INFO Watching for file changes with StatReloader
2023-08-16 12:08:41 INFO Watching for file changes with StatReloader
2023-08-17 11:17:09 INFO Watching for file changes with StatReloader
2023-08-17 11:17:09 INFO Watching for file changes with StatReloader
2023-08-17 11:17:13 INFO "GET /MANY_TO_MANY_ORM/ HTTP/1.1" 200 1100
2023-08-17 11:17:13 INFO "GET /MANY_TO_MANY_ORM/ HTTP/1.1" 200 1100
2023-08-17 11:19:29 INFO /home/aakash/PROJECTS/LOGIN_AUTHENTICATION/Authentication_System/myapp/views.py changed, reloading.
2023-08-17 11:19:29 INFO /home/aakash/PROJECTS/LOGIN_AUTHENTICATION/Authentication_System/myapp/views.py changed, reloading.
2023-08-17 11:19:30 INFO Watching for file changes with StatReloader
2023-08-17 11:19:30 INFO Watching for file changes with StatReloader
2023-08-17 11:19:37 INFO /home/aakash/PROJECTS/LOGIN_AUTHENTICATION/Authentication_System/myapp/views.py changed, reloading.
2023-08-17 11:19:37 INFO /home/aakash/PROJECTS/LOGIN_AUTHENTICATION/Authentication_System/myapp/views.py changed, reloading.
2023-08-17 11:19:37 INFO Watching for file changes with StatReloader
2023-08-17 11:19:37 INFO Watching for file changes with StatReloader
2023-08-17 11:19:42 INFO "GET /MANY_TO_MANY_ORM/ HTTP/1.1" 200 1100
2023-08-17 11:19:42 INFO "GET /MANY_TO_MANY_ORM/ HTTP/1.1" 200 1100
2023-08-17 11:21:46 INFO /home/aakash/PROJECTS/LOGIN_AUTHENTICATION/Authentication_System/myapp/views.py changed, reloading.
2023-08-17 11:21:46 INFO /home/aakash/PROJECTS/LOGIN_AUTHENTICATION/Authentication_System/myapp/views.py changed, reloading.
2023-08-17 11:21:47 INFO Watching for file changes with StatReloader
2023-08-17 11:21:47 INFO Watching for file changes with StatReloader
2023-08-17 11:21:50 INFO "GET /MANY_TO_MANY_ORM/ HTTP/1.1" 200 1100
2023-08-17 11:21:50 INFO "GET /MANY_TO_MANY_ORM/ HTTP/1.1" 200 1100
2023-08-17 11:27:19 INFO /home/aakash/PROJECTS/LOGIN_AUTHENTICATION/Authentication_System/myapp/views.py changed, reloading.
2023-08-17 11:27:19 INFO /home/aakash/PROJECTS/LOGIN_AUTHENTICATION/Authentication_System/myapp/views.py changed, reloading.
2023-08-17 11:27:19 INFO Watching for file changes with StatReloader
2023-08-17 11:27:19 INFO Watching for file changes with StatReloader
2023-08-17 11:27:22 ERROR "GET /MANY_TO_MANY_ORM/ HTTP/1.1" 500 97121
2023-08-17 11:27:22 ERROR "GET /MANY_TO_MANY_ORM/ HTTP/1.1" 500 97121
2023-08-17 11:30:22 INFO Watching for file changes with StatReloader
2023-08-17 11:30:22 INFO Watching for file changes with StatReloader
2023-08-17 11:30:24 INFO "GET /MANY_TO_MANY_ORM/ HTTP/1.1" 200 1100
2023-08-17 11:30:24 INFO "GET /MANY_TO_MANY_ORM/ HTTP/1.1" 200 1100
2023-08-17 11:52:24 INFO /home/aakash/PROJECTS/LOGIN_AUTHENTICATION/Authentication_System/myapp/views.py changed, reloading.
2023-08-17 11:52:24 INFO /home/aakash/PROJECTS/LOGIN_AUTHENTICATION/Authentication_System/myapp/views.py changed, reloading.
2023-08-17 11:52:25 INFO Watching for file changes with StatReloader
2023-08-17 11:52:25 INFO Watching for file changes with StatReloader
2023-08-17 11:52:28 INFO "GET /MANY_TO_MANY_ORM/ HTTP/1.1" 200 1100
2023-08-17 11:52:28 INFO "GET /MANY_TO_MANY_ORM/ HTTP/1.1" 200 1100
2023-08-17 11:53:35 INFO /home/aakash/PROJECTS/LOGIN_AUTHENTICATION/Authentication_System/myapp/views.py changed, reloading.
2023-08-17 11:53:35 INFO /home/aakash/PROJECTS/LOGIN_AUTHENTICATION/Authentication_System/myapp/views.py changed, reloading.
2023-08-17 11:53:35 INFO Watching for file changes with StatReloader
2023-08-17 11:53:35 INFO Watching for file changes with StatReloader
2023-08-17 11:53:38 INFO "GET /MANY_TO_MANY_ORM/ HTTP/1.1" 200 1100
2023-08-17 11:53:38 INFO "GET /MANY_TO_MANY_ORM/ HTTP/1.1" 200 1100
2023-08-17 11:53:52 INFO /home/aakash/PROJECTS/LOGIN_AUTHENTICATION/Authentication_System/myapp/views.py changed, reloading.
2023-08-17 11:53:52 INFO /home/aakash/PROJECTS/LOGIN_AUTHENTICATION/Authentication_System/myapp/views.py changed, reloading.
2023-08-17 11:53:52 INFO Watching for file changes with StatReloader
2023-08-17 11:53:52 INFO Watching for file changes with StatReloader
2023-08-17 11:53:55 INFO "GET /MANY_TO_MANY_ORM/ HTTP/1.1" 200 1100
2023-08-17 11:53:55 INFO "GET /MANY_TO_MANY_ORM/ HTTP/1.1" 200 1100
2023-08-17 11:54:45 INFO /home/aakash/PROJECTS/LOGIN_AUTHENTICATION/Authentication_System/myapp/views.py changed, reloading.
2023-08-17 11:54:45 INFO /home/aakash/PROJECTS/LOGIN_AUTHENTICATION/Authentication_System/myapp/views.py changed, reloading.
2023-08-17 11:54:46 INFO Watching for file changes with StatReloader
2023-08-17 11:54:46 INFO Watching for file changes with StatReloader
2023-08-17 12:13:15 INFO /home/aakash/PROJECTS/LOGIN_AUTHENTICATION/Authentication_System/myapp/views.py changed, reloading.
2023-08-17 12:13:15 INFO /home/aakash/PROJECTS/LOGIN_AUTHENTICATION/Authentication_System/myapp/views.py changed, reloading.
2023-08-17 12:13:16 INFO Watching for file changes with StatReloader
2023-08-17 12:13:16 INFO Watching for file changes with StatReloader
2023-08-17 12:13:21 ERROR "GET /MANY_TO_MANY_ORM/ HTTP/1.1" 500 98962
2023-08-17 12:13:21 ERROR "GET /MANY_TO_MANY_ORM/ HTTP/1.1" 500 98962
2023-08-17 12:13:51 INFO /home/aakash/PROJECTS/LOGIN_AUTHENTICATION/Authentication_System/myapp/views.py changed, reloading.
2023-08-17 12:13:51 INFO /home/aakash/PROJECTS/LOGIN_AUTHENTICATION/Authentication_System/myapp/views.py changed, reloading.
2023-08-17 12:13:51 INFO Watching for file changes with StatReloader
2023-08-17 12:13:51 INFO Watching for file changes with StatReloader
2023-08-17 12:13:55 INFO "GET /MANY_TO_MANY_ORM/ HTTP/1.1" 200 1100
2023-08-17 12:13:55 INFO "GET /MANY_TO_MANY_ORM/ HTTP/1.1" 200 1100
2023-08-17 12:17:53 INFO /home/aakash/PROJECTS/LOGIN_AUTHENTICATION/Authentication_System/myapp/views.py changed, reloading.
2023-08-17 12:17:53 INFO /home/aakash/PROJECTS/LOGIN_AUTHENTICATION/Authentication_System/myapp/views.py changed, reloading.
2023-08-17 12:17:53 INFO Watching for file changes with StatReloader
2023-08-17 12:17:53 INFO Watching for file changes with StatReloader
2023-08-17 12:25:11 INFO /home/aakash/PROJECTS/LOGIN_AUTHENTICATION/Authentication_System/myapp/views.py changed, reloading.
2023-08-17 12:25:11 INFO /home/aakash/PROJECTS/LOGIN_AUTHENTICATION/Authentication_System/myapp/views.py changed, reloading.
2023-08-17 12:25:11 INFO Watching for file changes with StatReloader
2023-08-17 12:25:11 INFO Watching for file changes with StatReloader
